[
  {
    "level": "INFO",
    "message": "android.ndkVersion from module build.gradle is 21.3.6528147"
  },
  {
    "level": "INFO",
    "message": "ndk.dir in local.properties is not set"
  },
  {
    "level": "INFO",
    "message": "ANDROID_NDK_HOME environment variable is not set"
  },
  {
    "level": "INFO",
    "message": "sdkFolder is /Users/zhouhuanhuan/Library/Android/sdk"
  },
  {
    "level": "INFO",
    "message": "Considering /Users/zhouhuanhuan/Library/Android/sdk/ndk-bundle in SDK ndk-bundle folder"
  },
  {
    "level": "INFO",
    "message": "Considering /Users/zhouhuanhuan/Library/Android/sdk/ndk/20.0.5594570 in SDK ndk folder"
  },
  {
    "level": "INFO",
    "message": "Considering /Users/zhouhuanhuan/Library/Android/sdk/ndk/21.3.6528147 in SDK ndk folder"
  },
  {
    "level": "INFO",
    "message": "Considering /Users/zhouhuanhuan/Library/Android/sdk/ndk/21.0.6113669 in SDK ndk folder"
  },
  {
    "level": "INFO",
    "message": "Found 2 NDK folders that matched requested version 21.3.6528147:"
  },
  {
    "level": "INFO",
    "message": " (1) /Users/zhouhuanhuan/Library/Android/sdk/ndk/21.3.6528147 in SDK ndk folder"
  },
  {
    "level": "INFO",
    "message": " (2) /Users/zhouhuanhuan/Library/Android/sdk/ndk-bundle in SDK ndk-bundle folder"
  },
  {
    "level": "INFO",
    "message": "  choosing /Users/zhouhuanhuan/Library/Android/sdk/ndk/21.3.6528147"
  }
]